  Game.cpp
D:\Code\Game_Programming_in_Cpp\Chapter1_2\Game.h(41,34): warning C4244: '초기화 중': 'int'에서 'const float'(으)로 변환하면서 데이터가 손실될 수 있습니다.
  (소스 파일 'Game.cpp'을(를) 컴파일하는 중)
  
D:\Code\Game_Programming_in_Cpp\Chapter1_2\Game.cpp(130,28): warning C4244: '=': 'Uint64'에서 'Uint32'(으)로 변환하면서 데이터가 손실될 수 있습니다.
D:\Code\Game_Programming_in_Cpp\Chapter1_2\Game.cpp(239,33): warning C4838: 'const int'에서 'float'(으)로의 변환에는 축소 변환이 필요합니다.
D:\Code\Game_Programming_in_Cpp\Chapter1_2\Game.cpp(239,33): warning C4244: '초기화 중': 'const int'에서 'float'(으)로 변환하면서 데이터가 손실될 수 있습니다.
D:\Code\Game_Programming_in_Cpp\Chapter1_2\Game.cpp(241,31): warning C4838: 'int'에서 'float'(으)로의 변환에는 축소 변환이 필요합니다.
D:\Code\Game_Programming_in_Cpp\Chapter1_2\Game.cpp(241,31): warning C4244: '초기화 중': 'int'에서 'float'(으)로 변환하면서 데이터가 손실될 수 있습니다.
D:\Code\Game_Programming_in_Cpp\Chapter1_2\Game.cpp(241,50): warning C4838: 'const int'에서 'float'(으)로의 변환에는 축소 변환이 필요합니다.
D:\Code\Game_Programming_in_Cpp\Chapter1_2\Game.cpp(241,50): warning C4244: '초기화 중': 'const int'에서 'float'(으)로 변환하면서 데이터가 손실될 수 있습니다.
D:\Code\Game_Programming_in_Cpp\Chapter1_2\Game.cpp(250,3): warning C4838: 'const int'에서 'float'(으)로의 변환에는 축소 변환이 필요합니다.
D:\Code\Game_Programming_in_Cpp\Chapter1_2\Game.cpp(250,3): warning C4244: '초기화 중': 'const int'에서 'float'(으)로 변환하면서 데이터가 손실될 수 있습니다.
D:\Code\Game_Programming_in_Cpp\Chapter1_2\Game.cpp(258,3): warning C4838: 'const int'에서 'float'(으)로의 변환에는 축소 변환이 필요합니다.
D:\Code\Game_Programming_in_Cpp\Chapter1_2\Game.cpp(258,3): warning C4244: '초기화 중': 'const int'에서 'float'(으)로 변환하면서 데이터가 손실될 수 있습니다.
D:\Code\Game_Programming_in_Cpp\Chapter1_2\Game.cpp(270,4): warning C4838: 'const int'에서 'float'(으)로의 변환에는 축소 변환이 필요합니다.
D:\Code\Game_Programming_in_Cpp\Chapter1_2\Game.cpp(270,4): warning C4244: '초기화 중': 'const int'에서 'float'(으)로 변환하면서 데이터가 손실될 수 있습니다.
D:\Code\Game_Programming_in_Cpp\Chapter1_2\Game.cpp(271,4): warning C4838: 'const int'에서 'float'(으)로의 변환에는 축소 변환이 필요합니다.
D:\Code\Game_Programming_in_Cpp\Chapter1_2\Game.cpp(271,4): warning C4244: '초기화 중': 'const int'에서 'float'(으)로 변환하면서 데이터가 손실될 수 있습니다.
  Main.cpp
D:\Code\Game_Programming_in_Cpp\Chapter1_2\Game.h(41,34): warning C4244: '초기화 중': 'int'에서 'const float'(으)로 변환하면서 데이터가 손실될 수 있습니다.
  (소스 파일 'Main.cpp'을(를) 컴파일하는 중)
  
  코드를 생성하고 있습니다...
  Chapter1_2.vcxproj -> D:\Code\Game_Programming_in_Cpp\Chapter1_2\x64\Debug\Chapter1_2.exe
