  AnimSpriteComponent.cpp
D:\Code\Game_Programming_in_Cpp\Chapter2\SpriteComponent.h(17,37): warning C4244: 'return': 'const float'에서 'int'(으)로 변환하면서 데이터가 손실될 수 있습니다.
  (소스 파일 'AnimSpriteComponent.cpp'을(를) 컴파일하는 중)
  
D:\Code\Game_Programming_in_Cpp\Chapter2\SpriteComponent.h(18,36): warning C4244: 'return': 'const float'에서 'int'(으)로 변환하면서 데이터가 손실될 수 있습니다.
  (소스 파일 'AnimSpriteComponent.cpp'을(를) 컴파일하는 중)
  
  BGSpriteComponent.cpp
  Game.cpp
D:\Code\Game_Programming_in_Cpp\Chapter2\SpriteComponent.h(17,37): warning C4244: 'return': 'const float'에서 'int'(으)로 변환하면서 데이터가 손실될 수 있습니다.
  (소스 파일 'Game.cpp'을(를) 컴파일하는 중)
  
D:\Code\Game_Programming_in_Cpp\Chapter2\SpriteComponent.h(18,36): warning C4244: 'return': 'const float'에서 'int'(으)로 변환하면서 데이터가 손실될 수 있습니다.
  (소스 파일 'Game.cpp'을(를) 컴파일하는 중)
  
D:\Code\Game_Programming_in_Cpp\Chapter2\Game.cpp(145,28): warning C4244: '=': 'Uint64'에서 'Uint32'(으)로 변환하면서 데이터가 손실될 수 있습니다.
  Main.cpp
  Math.cpp
  SpriteComponent.cpp
D:\Code\Game_Programming_in_Cpp\Chapter2\SpriteComponent.h(17,37): warning C4244: 'return': 'const float'에서 'int'(으)로 변환하면서 데이터가 손실될 수 있습니다.
  (소스 파일 'SpriteComponent.cpp'을(를) 컴파일하는 중)
  
D:\Code\Game_Programming_in_Cpp\Chapter2\SpriteComponent.h(18,36): warning C4244: 'return': 'const float'에서 'int'(으)로 변환하면서 데이터가 손실될 수 있습니다.
  (소스 파일 'SpriteComponent.cpp'을(를) 컴파일하는 중)
  
D:\Code\Game_Programming_in_Cpp\Chapter2\Actor.h(26,2): error C4430: 형식 지정자가 없습니다. int로 가정합니다. 참고: C++에서는 기본 int를 지원하지 않습니다.
  (소스 파일 'SpriteComponent.cpp'을(를) 컴파일하는 중)
  
D:\Code\Game_Programming_in_Cpp\Chapter2\Actor.h(26,15): error C2143: 구문 오류: ';'이(가) '&' 앞에 없습니다.
  (소스 파일 'SpriteComponent.cpp'을(를) 컴파일하는 중)
  
D:\Code\Game_Programming_in_Cpp\Chapter2\Actor.h(26,37): error C2334: '{' 앞에 예기치 않은 토큰이 있습니다. 명백한 함수 본문을 건너뜁니다.
  (소스 파일 'SpriteComponent.cpp'을(를) 컴파일하는 중)
  
D:\Code\Game_Programming_in_Cpp\Chapter2\Actor.h(27,19): error C4430: 형식 지정자가 없습니다. int로 가정합니다. 참고: C++에서는 기본 int를 지원하지 않습니다.
  (소스 파일 'SpriteComponent.cpp'을(를) 컴파일하는 중)
  
D:\Code\Game_Programming_in_Cpp\Chapter2\Actor.h(27,32): error C2143: 구문 오류: ','이(가) '&' 앞에 없습니다.
  (소스 파일 'SpriteComponent.cpp'을(를) 컴파일하는 중)
  
D:\Code\Game_Programming_in_Cpp\Chapter2\Actor.h(45,10): error C3646: 'mPosition': 알 수 없는 재정의 지정자입니다.
  (소스 파일 'SpriteComponent.cpp'을(를) 컴파일하는 중)
  
D:\Code\Game_Programming_in_Cpp\Chapter2\Actor.h(45,2): error C4430: 형식 지정자가 없습니다. int로 가정합니다. 참고: C++에서는 기본 int를 지원하지 않습니다.
  (소스 파일 'SpriteComponent.cpp'을(를) 컴파일하는 중)
  
D:\Code\Game_Programming_in_Cpp\Chapter2\Actor.h(27,41): error C2065: 'mPosition': 선언되지 않은 식별자입니다.
  (소스 파일 'SpriteComponent.cpp'을(를) 컴파일하는 중)
  
D:\Code\Game_Programming_in_Cpp\Chapter2\Actor.h(27,53): error C2065: 'pos': 선언되지 않은 식별자입니다.
  (소스 파일 'SpriteComponent.cpp'을(를) 컴파일하는 중)
  
D:\Code\Game_Programming_in_Cpp\Chapter2\SpriteComponent.cpp(14,17): error C2039: 'GetPosition': 'Actor'의 멤버가 아닙니다.
      D:\Code\Game_Programming_in_Cpp\Chapter2\Actor.h(5,7):
      'Actor' 선언을 참조하십시오.
  
D:\Code\Game_Programming_in_Cpp\Chapter2\SpriteComponent.cpp(15,17): error C2039: 'GetPosition': 'Actor'의 멤버가 아닙니다.
      D:\Code\Game_Programming_in_Cpp\Chapter2\Actor.h(5,7):
      'Actor' 선언을 참조하십시오.
  
D:\Code\Game_Programming_in_Cpp\Chapter2\SpriteComponent.cpp(33,2): error C2660: 'SDL_RenderTextureRotated': 함수는 0개의 인수를 사용하지 않습니다.
      D:\Code\SDL\include\SDL3\SDL_render.h(2086,34):
      'SDL_RenderTextureRotated' 선언을 참조하십시오.
      D:\Code\Game_Programming_in_Cpp\Chapter2\SpriteComponent.cpp(33,2):
      인수 목록 '()'을(를) 일치시키는 동안
  
  코드를 생성하고 있습니다...
